0 info it worked if it ends with ok
1 verbose cli [ '/Users/kathrynhansen/.nvm/versions/node/v6.5.0/bin/node',
1 verbose cli   '/Users/kathrynhansen/.nvm/versions/node/v6.5.0/bin/npm',
1 verbose cli   'run',
1 verbose cli   'frontendTest' ]
2 info using npm@3.10.3
3 info using node@v6.5.0
4 verbose run-script [ 'prefrontendTest', 'frontendTest', 'postfrontendTest' ]
5 info lifecycle PU@1.0.0~prefrontendTest: PU@1.0.0
6 silly lifecycle PU@1.0.0~prefrontendTest: no script for prefrontendTest, continuing
7 info lifecycle PU@1.0.0~frontendTest: PU@1.0.0
8 verbose lifecycle PU@1.0.0~frontendTest: unsafe-perm in lifecycle true
9 verbose lifecycle PU@1.0.0~frontendTest: PATH: /Users/kathrynhansen/.nvm/versions/node/v6.5.0/lib/node_modules/npm/bin/node-gyp-bin:/Users/kathrynhansen/thesisProject/PartnerUp/node_modules/.bin:/Users/kathrynhansen/.nvm/versions/node/v6.5.0/bin:/Users/kathrynhansen/.nvm/versions/node/v6.5.0/bin:/usr/local/bin:/usr/bin:/bin:/usr/sbin:/sbin
10 verbose lifecycle PU@1.0.0~frontendTest: CWD: /Users/kathrynhansen/thesisProject/PartnerUp
11 silly lifecycle PU@1.0.0~frontendTest: Args: [ '-c', 'karma start test/client/karma-conf.js' ]
12 silly lifecycle PU@1.0.0~frontendTest: Returned: code: 1  signal: null
13 info lifecycle PU@1.0.0~frontendTest: Failed to exec frontendTest script
14 verbose stack Error: PU@1.0.0 frontendTest: `karma start test/client/karma-conf.js`
14 verbose stack Exit status 1
14 verbose stack     at EventEmitter.<anonymous> (/Users/kathrynhansen/.nvm/versions/node/v6.5.0/lib/node_modules/npm/lib/utils/lifecycle.js:242:16)
14 verbose stack     at emitTwo (events.js:106:13)
14 verbose stack     at EventEmitter.emit (events.js:191:7)
14 verbose stack     at ChildProcess.<anonymous> (/Users/kathrynhansen/.nvm/versions/node/v6.5.0/lib/node_modules/npm/lib/utils/spawn.js:40:14)
14 verbose stack     at emitTwo (events.js:106:13)
14 verbose stack     at ChildProcess.emit (events.js:191:7)
14 verbose stack     at maybeClose (internal/child_process.js:877:16)
14 verbose stack     at Process.ChildProcess._handle.onexit (internal/child_process.js:226:5)
15 verbose pkgid PU@1.0.0
16 verbose cwd /Users/kathrynhansen/thesisProject/PartnerUp
17 error Darwin 15.5.0
18 error argv "/Users/kathrynhansen/.nvm/versions/node/v6.5.0/bin/node" "/Users/kathrynhansen/.nvm/versions/node/v6.5.0/bin/npm" "run" "frontendTest"
19 error node v6.5.0
20 error npm  v3.10.3
21 error code ELIFECYCLE
22 error PU@1.0.0 frontendTest: `karma start test/client/karma-conf.js`
22 error Exit status 1
23 error Failed at the PU@1.0.0 frontendTest script 'karma start test/client/karma-conf.js'.
23 error Make sure you have the latest version of node.js and npm installed.
23 error If you do, this is most likely a problem with the PU package,
23 error not with npm itself.
23 error Tell the author that this fails on your system:
23 error     karma start test/client/karma-conf.js
23 error You can get information on how to open an issue for this project with:
23 error     npm bugs PU
23 error Or if that isn't available, you can get their info via:
23 error     npm owner ls PU
23 error There is likely additional logging output above.
24 verbose exit [ 1, true ]
